<?xml version="1.0" encoding="UTF-8"?>
<testng-results ignored="0" total="2" passed="2" failed="0" skipped="0">
  <reporter-output>
  </reporter-output>
  <suite started-at="2024-02-10T18:00:58 IST" name="master-suite" finished-at="2024-02-10T18:01:15 IST" duration-ms="17084">
    <groups>
      <group name="regression">
        <method signature="TC_001_AccountRegistrationPageTest.testAccountRegistration()[pri:0, instance:testCases.TC_001_AccountRegistrationPageTest@5d0bf09b]" name="testAccountRegistration" class="testCases.TC_001_AccountRegistrationPageTest"/>
        <method signature="TC_002_LoginPageTest.testLogin()[pri:0, instance:testCases.TC_002_LoginPageTest@3b0fe47a]" name="testLogin" class="testCases.TC_002_LoginPageTest"/>
      </group> <!-- regression -->
      <group name="sanity">
        <method signature="TC_002_LoginPageTest.testLogin()[pri:0, instance:testCases.TC_002_LoginPageTest@3b0fe47a]" name="testLogin" class="testCases.TC_002_LoginPageTest"/>
      </group> <!-- sanity -->
      <group name="master">
        <method signature="TC_001_AccountRegistrationPageTest.testAccountRegistration()[pri:0, instance:testCases.TC_001_AccountRegistrationPageTest@5d0bf09b]" name="testAccountRegistration" class="testCases.TC_001_AccountRegistrationPageTest"/>
        <method signature="TC_002_LoginPageTest.testLogin()[pri:0, instance:testCases.TC_002_LoginPageTest@3b0fe47a]" name="testLogin" class="testCases.TC_002_LoginPageTest"/>
      </group> <!-- master -->
    </groups>
    <test started-at="2024-02-10T18:00:58 IST" name="Test" finished-at="2024-02-10T18:01:15 IST" duration-ms="17084">
      <class name="testCases.TC_002_LoginPageTest">
        <test-method is-config="true" signature="setUp(java.lang.String,java.lang.String)[pri:0, instance:testCases.TC_002_LoginPageTest@3b0fe47a]" started-at="2024-02-10T18:01:09 IST" name="setUp" finished-at="2024-02-10T18:01:13 IST" duration-ms="4143" status="PASS">
          <params>
            <param index="0">
              <value>
                <![CDATA[edge]]>
              </value>
            </param>
            <param index="1">
              <value>
                <![CDATA[Windows]]>
              </value>
            </param>
          </params>
          <reporter-output>
          </reporter-output>
        </test-method> <!-- setUp -->
        <test-method signature="testLogin()[pri:0, instance:testCases.TC_002_LoginPageTest@3b0fe47a]" started-at="2024-02-10T18:01:13 IST" name="testLogin" finished-at="2024-02-10T18:01:15 IST" duration-ms="1754" status="PASS">
          <reporter-output>
          </reporter-output>
        </test-method> <!-- testLogin -->
        <test-method is-config="true" signature="tearDown()[pri:0, instance:testCases.TC_002_LoginPageTest@3b0fe47a]" started-at="2024-02-10T18:01:15 IST" name="tearDown" finished-at="2024-02-10T18:01:15 IST" duration-ms="202" status="PASS">
          <reporter-output>
          </reporter-output>
        </test-method> <!-- tearDown -->
      </class> <!-- testCases.TC_002_LoginPageTest -->
      <class name="testCases.TC_001_AccountRegistrationPageTest">
        <test-method is-config="true" signature="setUp(java.lang.String,java.lang.String)[pri:0, instance:testCases.TC_001_AccountRegistrationPageTest@5d0bf09b]" started-at="2024-02-10T18:00:58 IST" name="setUp" finished-at="2024-02-10T18:01:04 IST" duration-ms="5762" status="PASS">
          <params>
            <param index="0">
              <value>
                <![CDATA[edge]]>
              </value>
            </param>
            <param index="1">
              <value>
                <![CDATA[Windows]]>
              </value>
            </param>
          </params>
          <reporter-output>
          </reporter-output>
        </test-method> <!-- setUp -->
        <test-method signature="testAccountRegistration()[pri:0, instance:testCases.TC_001_AccountRegistrationPageTest@5d0bf09b]" started-at="2024-02-10T18:01:04 IST" name="testAccountRegistration" finished-at="2024-02-10T18:01:08 IST" duration-ms="4367" status="PASS">
          <reporter-output>
          </reporter-output>
        </test-method> <!-- testAccountRegistration -->
        <test-method is-config="true" signature="tearDown()[pri:0, instance:testCases.TC_001_AccountRegistrationPageTest@5d0bf09b]" started-at="2024-02-10T18:01:08 IST" name="tearDown" finished-at="2024-02-10T18:01:09 IST" duration-ms="562" status="PASS">
          <reporter-output>
          </reporter-output>
        </test-method> <!-- tearDown -->
      </class> <!-- testCases.TC_001_AccountRegistrationPageTest -->
    </test> <!-- Test -->
  </suite> <!-- master-suite -->
</testng-results>
